# JRE version: OpenJDK Runtime Environment (11.0.10) (build 11.0.10+0-b96-7249189)
# Java VM: OpenJDK 64-Bit Server VM (11.0.10+0-b96-7249189, mixed mode, tiered, compressed oops, g1 gc, windows-amd64)
Heap:
 garbage-first heap   total 275456K, used 111413K [0x0000000080000000, 0x0000000100000000)
  region size 1024K, 5 young (5120K), 5 survivors (5120K)
 Metaspace       used 92738K, capacity 95501K, committed 96332K, reserved 1132544K
  class space    used 12166K, capacity 13221K, committed 13644K, reserved 1048576K
GC Heap History (20 events):
Event: 19.132 GC heap after
{Heap after GC invocations=25 (full 0):
 garbage-first heap   total 157696K, used 106673K [0x0000000080000000, 0x0000000100000000)
  region size 1024K, 4 young (4096K), 4 survivors (4096K)
 Metaspace       used 89098K, capacity 92021K, committed 92236K, reserved 1128448K
  class space    used 11905K, capacity 13058K, committed 13132K, reserved 1048576K
}
Event: 19.467 GC heap before
{Heap before GC invocations=26 (full 0):
 garbage-first heap   total 157696K, used 129201K [0x0000000080000000, 0x0000000100000000)
  region size 1024K, 27 young (27648K), 4 survivors (4096K)
 Metaspace       used 90250K, capacity 93079K, committed 93516K, reserved 1130496K
  class space    used 12073K, capacity 13198K, committed 13388K, reserved 1048576K
}
Event: 19.479 GC heap after
{Heap after GC invocations=27 (full 0):
 garbage-first heap   total 189440K, used 107459K [0x0000000080000000, 0x0000000100000000)
  region size 1024K, 2 young (2048K), 2 survivors (2048K)
 Metaspace       used 90250K, capacity 93079K, committed 93516K, reserved 1130496K
  class space    used 12073K, capacity 13198K, committed 13388K, reserved 1048576K
}
Event: 19.691 GC heap before
{Heap before GC invocations=27 (full 0):
 garbage-first heap   total 189440K, used 145347K [0x0000000080000000, 0x0000000100000000)
  region size 1024K, 39 young (39936K), 2 survivors (2048K)
 Metaspace       used 90978K, capacity 93866K, committed 94284K, reserved 1130496K
  class space    used 12106K, capacity 13239K, committed 13388K, reserved 1048576K
}
Event: 19.695 GC heap after
{Heap after GC invocations=28 (full 0):
 garbage-first heap   total 189440K, used 107519K [0x0000000080000000, 0x0000000100000000)
  region size 1024K, 2 young (2048K), 2 survivors (2048K)
 Metaspace       used 90978K, capacity 93866K, committed 94284K, reserved 1130496K
  class space    used 12106K, capacity 13239K, committed 13388K, reserved 1048576K
}
Event: 19.990 GC heap before
{Heap before GC invocations=28 (full 0):
 garbage-first heap   total 189440K, used 147455K [0x0000000080000000, 0x0000000100000000)
  region size 1024K, 41 young (41984K), 2 survivors (2048K)
 Metaspace       used 90764K, capacity 93353K, committed 94668K, reserved 1130496K
  class space    used 11946K, capacity 12936K, committed 13516K, reserved 1048576K
}
Event: 19.996 GC heap after
{Heap after GC invocations=29 (full 0):
 garbage-first heap   total 189440K, used 108177K [0x0000000080000000, 0x0000000100000000)
  region size 1024K, 2 young (2048K), 2 survivors (2048K)
 Metaspace       used 90764K, capacity 93353K, committed 94668K, reserved 1130496K
  class space    used 11946K, capacity 12936K, committed 13516K, reserved 1048576K
}
Event: 20.181 GC heap before
{Heap before GC invocations=30 (full 0):
 garbage-first heap   total 189440K, used 150161K [0x0000000080000000, 0x0000000100000000)
  region size 1024K, 43 young (44032K), 2 survivors (2048K)
 Metaspace       used 90873K, capacity 93419K, committed 94924K, reserved 1130496K
  class space    used 11958K, capacity 12936K, committed 13516K, reserved 1048576K
}
Event: 20.186 GC heap after
{Heap after GC invocations=31 (full 0):
 garbage-first heap   total 189440K, used 108560K [0x0000000080000000, 0x0000000100000000)
  region size 1024K, 3 young (3072K), 3 survivors (3072K)
 Metaspace       used 90873K, capacity 93419K, committed 94924K, reserved 1130496K
  class space    used 11958K, capacity 12936K, committed 13516K, reserved 1048576K
}
Event: 20.328 GC heap before
{Heap before GC invocations=31 (full 0):
 garbage-first heap   total 189440K, used 151568K [0x0000000080000000, 0x0000000100000000)
  region size 1024K, 45 young (46080K), 3 survivors (3072K)
 Metaspace       used 90901K, capacity 93427K, committed 94924K, reserved 1130496K
  class space    used 11959K, capacity 12938K, committed 13516K, reserved 1048576K
}
Event: 20.334 GC heap after
{Heap after GC invocations=32 (full 0):
 garbage-first heap   total 189440K, used 108600K [0x0000000080000000, 0x0000000100000000)
  region size 1024K, 3 young (3072K), 3 survivors (3072K)
 Metaspace       used 90901K, capacity 93427K, committed 94924K, reserved 1130496K
  class space    used 11959K, capacity 12938K, committed 13516K, reserved 1048576K
}
Event: 20.634 GC heap before
{Heap before GC invocations=32 (full 0):
 garbage-first heap   total 189440K, used 153656K [0x0000000080000000, 0x0000000100000000)
  region size 1024K, 47 young (48128K), 3 survivors (3072K)
 Metaspace       used 91078K, capacity 93654K, committed 94924K, reserved 1130496K
  class space    used 11968K, capacity 12949K, committed 13516K, reserved 1048576K
}
Event: 20.641 GC heap after
{Heap after GC invocations=33 (full 0):
 garbage-first heap   total 227328K, used 108857K [0x0000000080000000, 0x0000000100000000)
  region size 1024K, 3 young (3072K), 3 survivors (3072K)
 Metaspace       used 91078K, capacity 93654K, committed 94924K, reserved 1130496K
  class space    used 11968K, capacity 12949K, committed 13516K, reserved 1048576K
}
Event: 20.841 GC heap before
{Heap before GC invocations=34 (full 0):
 garbage-first heap   total 227328K, used 172345K [0x0000000080000000, 0x0000000100000000)
  region size 1024K, 66 young (67584K), 3 survivors (3072K)
 Metaspace       used 91288K, capacity 93889K, committed 95180K, reserved 1130496K
  class space    used 11982K, capacity 12983K, committed 13516K, reserved 1048576K
}
Event: 20.849 GC heap after
{Heap after GC invocations=35 (full 0):
 garbage-first heap   total 227328K, used 109654K [0x0000000080000000, 0x0000000100000000)
  region size 1024K, 4 young (4096K), 4 survivors (4096K)
 Metaspace       used 91288K, capacity 93889K, committed 95180K, reserved 1130496K
  class space    used 11982K, capacity 12983K, committed 13516K, reserved 1048576K
}
Event: 21.015 GC heap before
{Heap before GC invocations=35 (full 0):
 garbage-first heap   total 227328K, used 176214K [0x0000000080000000, 0x0000000100000000)
  region size 1024K, 69 young (70656K), 4 survivors (4096K)
 Metaspace       used 91499K, capacity 94095K, committed 95436K, reserved 1130496K
  class space    used 12008K, capacity 13007K, committed 13516K, reserved 1048576K
}
Event: 21.023 GC heap after
{Heap after GC invocations=36 (full 0):
 garbage-first heap   total 227328K, used 110598K [0x0000000080000000, 0x0000000100000000)
  region size 1024K, 5 young (5120K), 5 survivors (5120K)
 Metaspace       used 91499K, capacity 94095K, committed 95436K, reserved 1130496K
  class space    used 12008K, capacity 13007K, committed 13516K, reserved 1048576K
}
Event: 21.415 GC heap before
{Heap before GC invocations=37 (full 0):
 garbage-first heap   total 227328K, used 179206K [0x0000000080000000, 0x0000000100000000)
  region size 1024K, 73 young (74752K), 5 survivors (5120K)
 Metaspace       used 92042K, capacity 94701K, committed 95692K, reserved 1132544K
  class space    used 12087K, capacity 13126K, committed 13516K, reserved 1048576K
}
Event: 21.423 GC heap after
{Heap after GC invocations=38 (full 0):
 garbage-first heap   total 227328K, used 109713K [0x0000000080000000, 0x0000000100000000)
  region size 1024K, 4 young (4096K), 4 survivors (4096K)
 Metaspace       used 92042K, capacity 94701K, committed 95692K, reserved 1132544K
  class space    used 12087K, capacity 13126K, committed 13516K, reserved 1048576K
}
Event: 21.644 GC heap before
{Heap before GC invocations=38 (full 0):
 garbage-first heap   total 227328K, used 181393K [0x0000000080000000, 0x0000000100000000)
  region size 1024K, 75 young (76800K), 4 survivors (4096K)
 Metaspace       used 92738K, capacity 95501K, committed 96332K, reserved 1132544K
  class space    used 12166K, capacity 13221K, committed 13644K, reserved 1048576K
}

