# JRE version: OpenJDK Runtime Environment (11.0.10) (build 11.0.10+0-b96-7249189)
# Java VM: OpenJDK 64-Bit Server VM (11.0.10+0-b96-7249189, mixed mode, tiered, compressed oops, g1 gc, windows-amd64)
Heap:
 garbage-first heap   total 273408K, used 147783K [0x0000000080000000, 0x0000000100000000)
  region size 1024K, 41 young (41984K), 4 survivors (4096K)
 Metaspace       used 91731K, capacity 94542K, committed 95872K, reserved 1132544K
  class space    used 12129K, capacity 13198K, committed 13696K, reserved 1048576K
GC Heap History (20 events):
Event: 11.513 GC heap before
{Heap before GC invocations=18 (full 0):
 garbage-first heap   total 189440K, used 127847K [0x0000000080000000, 0x0000000100000000)
  region size 1024K, 75 young (76800K), 9 survivors (9216K)
 Metaspace       used 78915K, capacity 81244K, committed 81408K, reserved 1120256K
  class space    used 10375K, capacity 11229K, committed 11264K, reserved 1048576K
}
Event: 11.534 GC heap after
{Heap after GC invocations=19 (full 0):
 garbage-first heap   total 189440K, used 67229K [0x0000000080000000, 0x0000000100000000)
  region size 1024K, 6 young (6144K), 6 survivors (6144K)
 Metaspace       used 78915K, capacity 81244K, committed 81408K, reserved 1120256K
  class space    used 10375K, capacity 11229K, committed 11264K, reserved 1048576K
}
Event: 12.304 GC heap before
{Heap before GC invocations=19 (full 0):
 garbage-first heap   total 189440K, used 132765K [0x0000000080000000, 0x0000000100000000)
  region size 1024K, 71 young (72704K), 6 survivors (6144K)
 Metaspace       used 79877K, capacity 82248K, committed 82304K, reserved 1120256K
  class space    used 10446K, capacity 11364K, committed 11392K, reserved 1048576K
}
Event: 12.312 GC heap after
{Heap after GC invocations=20 (full 0):
 garbage-first heap   total 189440K, used 70646K [0x0000000080000000, 0x0000000100000000)
  region size 1024K, 9 young (9216K), 9 survivors (9216K)
 Metaspace       used 79877K, capacity 82248K, committed 82304K, reserved 1120256K
  class space    used 10446K, capacity 11364K, committed 11392K, reserved 1048576K
}
Event: 12.648 GC heap before
{Heap before GC invocations=20 (full 0):
 garbage-first heap   total 189440K, used 137206K [0x0000000080000000, 0x0000000100000000)
  region size 1024K, 75 young (76800K), 9 survivors (9216K)
 Metaspace       used 81444K, capacity 83964K, committed 84096K, reserved 1122304K
  class space    used 10669K, capacity 11609K, committed 11648K, reserved 1048576K
}
Event: 12.661 GC heap after
{Heap after GC invocations=21 (full 0):
 garbage-first heap   total 189440K, used 80769K [0x0000000080000000, 0x0000000100000000)
  region size 1024K, 10 young (10240K), 10 survivors (10240K)
 Metaspace       used 81444K, capacity 83964K, committed 84096K, reserved 1122304K
  class space    used 10669K, capacity 11609K, committed 11648K, reserved 1048576K
}
Event: 13.016 GC heap before
{Heap before GC invocations=21 (full 0):
 garbage-first heap   total 189440K, used 141185K [0x0000000080000000, 0x0000000100000000)
  region size 1024K, 70 young (71680K), 10 survivors (10240K)
 Metaspace       used 85275K, capacity 88141K, committed 88448K, reserved 1126400K
  class space    used 11280K, capacity 12364K, committed 12416K, reserved 1048576K
}
Event: 13.036 GC heap after
{Heap after GC invocations=22 (full 0):
 garbage-first heap   total 227328K, used 88814K [0x0000000080000000, 0x0000000100000000)
  region size 1024K, 9 young (9216K), 9 survivors (9216K)
 Metaspace       used 85275K, capacity 88141K, committed 88448K, reserved 1126400K
  class space    used 11280K, capacity 12364K, committed 12416K, reserved 1048576K
}
Event: 13.322 GC heap before
{Heap before GC invocations=22 (full 0):
 garbage-first heap   total 227328K, used 161518K [0x0000000080000000, 0x0000000100000000)
  region size 1024K, 81 young (82944K), 9 survivors (9216K)
 Metaspace       used 87779K, capacity 90757K, committed 91008K, reserved 1128448K
  class space    used 11692K, capacity 12846K, committed 12928K, reserved 1048576K
}
Event: 13.343 GC heap after
{Heap after GC invocations=23 (full 0):
 garbage-first heap   total 227328K, used 100924K [0x0000000080000000, 0x0000000100000000)
  region size 1024K, 11 young (11264K), 11 survivors (11264K)
 Metaspace       used 87779K, capacity 90757K, committed 91008K, reserved 1128448K
  class space    used 11692K, capacity 12846K, committed 12928K, reserved 1048576K
}
Event: 13.684 GC heap before
{Heap before GC invocations=23 (full 0):
 garbage-first heap   total 227328K, used 169532K [0x0000000080000000, 0x0000000100000000)
  region size 1024K, 78 young (79872K), 11 survivors (11264K)
 Metaspace       used 90719K, capacity 94038K, committed 94208K, reserved 1130496K
  class space    used 12255K, capacity 13540K, committed 13568K, reserved 1048576K
}
Event: 13.703 GC heap after
{Heap after GC invocations=24 (full 0):
 garbage-first heap   total 227328K, used 108219K [0x0000000080000000, 0x0000000100000000)
  region size 1024K, 7 young (7168K), 7 survivors (7168K)
 Metaspace       used 90719K, capacity 94038K, committed 94208K, reserved 1130496K
  class space    used 12255K, capacity 13540K, committed 13568K, reserved 1048576K
}
Event: 13.985 GC heap before
{Heap before GC invocations=24 (full 0):
 garbage-first heap   total 227328K, used 174779K [0x0000000080000000, 0x0000000100000000)
  region size 1024K, 72 young (73728K), 7 survivors (7168K)
 Metaspace       used 91729K, capacity 95018K, committed 95360K, reserved 1130496K
  class space    used 12296K, capacity 13576K, committed 13696K, reserved 1048576K
}
Event: 13.996 GC heap after
{Heap after GC invocations=25 (full 0):
 garbage-first heap   total 227328K, used 109808K [0x0000000080000000, 0x0000000100000000)
  region size 1024K, 2 young (2048K), 2 survivors (2048K)
 Metaspace       used 91729K, capacity 95018K, committed 95360K, reserved 1130496K
  class space    used 12296K, capacity 13576K, committed 13696K, reserved 1048576K
}
Event: 14.355 GC heap before
{Heap before GC invocations=26 (full 0):
 garbage-first heap   total 227328K, used 177392K [0x0000000080000000, 0x0000000100000000)
  region size 1024K, 69 young (70656K), 2 survivors (2048K)
 Metaspace       used 91050K, capacity 93787K, committed 95360K, reserved 1130496K
  class space    used 12019K, capacity 13050K, committed 13696K, reserved 1048576K
}
Event: 14.364 GC heap after
{Heap after GC invocations=27 (full 0):
 garbage-first heap   total 273408K, used 109398K [0x0000000080000000, 0x0000000100000000)
  region size 1024K, 2 young (2048K), 2 survivors (2048K)
 Metaspace       used 91050K, capacity 93787K, committed 95360K, reserved 1130496K
  class space    used 12019K, capacity 13050K, committed 13696K, reserved 1048576K
}
Event: 14.651 GC heap before
{Heap before GC invocations=27 (full 0):
 garbage-first heap   total 273408K, used 198486K [0x0000000080000000, 0x0000000100000000)
  region size 1024K, 89 young (91136K), 2 survivors (2048K)
 Metaspace       used 91112K, capacity 93834K, committed 95360K, reserved 1130496K
  class space    used 12030K, capacity 13066K, committed 13696K, reserved 1048576K
}
Event: 14.657 GC heap after
{Heap after GC invocations=28 (full 0):
 garbage-first heap   total 273408K, used 110978K [0x0000000080000000, 0x0000000100000000)
  region size 1024K, 4 young (4096K), 4 survivors (4096K)
 Metaspace       used 91112K, capacity 93834K, committed 95360K, reserved 1130496K
  class space    used 12030K, capacity 13066K, committed 13696K, reserved 1048576K
}
Event: 14.904 GC heap before
{Heap before GC invocations=28 (full 0):
 garbage-first heap   total 273408K, used 209282K [0x0000000080000000, 0x0000000100000000)
  region size 1024K, 101 young (103424K), 4 survivors (4096K)
 Metaspace       used 91249K, capacity 94038K, committed 95616K, reserved 1130496K
  class space    used 12053K, capacity 13112K, committed 13696K, reserved 1048576K
}
Event: 14.910 GC heap after
{Heap after GC invocations=29 (full 0):
 garbage-first heap   total 273408K, used 110919K [0x0000000080000000, 0x0000000100000000)
  region size 1024K, 4 young (4096K), 4 survivors (4096K)
 Metaspace       used 91249K, capacity 94038K, committed 95616K, reserved 1130496K
  class space    used 12053K, capacity 13112K, committed 13696K, reserved 1048576K
}

