# JRE version: OpenJDK Runtime Environment (11.0.10) (build 11.0.10+0-b96-7249189)
# Java VM: OpenJDK 64-Bit Server VM (11.0.10+0-b96-7249189, mixed mode, tiered, compressed oops, g1 gc, windows-amd64)
Heap:
 garbage-first heap   total 408576K, used 127319K [0x0000000080000000, 0x0000000100000000)
  region size 1024K, 14 young (14336K), 14 survivors (14336K)
 Metaspace       used 93609K, capacity 96366K, committed 97484K, reserved 1132544K
  class space    used 12236K, capacity 13271K, committed 13772K, reserved 1048576K
GC Heap History (20 events):
Event: 15.450 GC heap after
{Heap after GC invocations=32 (full 0):
 garbage-first heap   total 227328K, used 113248K [0x0000000080000000, 0x0000000100000000)
  region size 1024K, 1 young (1024K), 1 survivors (1024K)
 Metaspace       used 90661K, capacity 93257K, committed 95052K, reserved 1130496K
  class space    used 11976K, capacity 12975K, committed 13644K, reserved 1048576K
}
Event: 15.702 GC heap before
{Heap before GC invocations=32 (full 0):
 garbage-first heap   total 227328K, used 182880K [0x0000000080000000, 0x0000000100000000)
  region size 1024K, 69 young (70656K), 1 survivors (1024K)
 Metaspace       used 91083K, capacity 93666K, committed 95436K, reserved 1130496K
  class space    used 12031K, capacity 13049K, committed 13772K, reserved 1048576K
}
Event: 15.708 GC heap after
{Heap after GC invocations=33 (full 0):
 garbage-first heap   total 227328K, used 114259K [0x0000000080000000, 0x0000000100000000)
  region size 1024K, 2 young (2048K), 2 survivors (2048K)
 Metaspace       used 91083K, capacity 93666K, committed 95436K, reserved 1130496K
  class space    used 12031K, capacity 13049K, committed 13772K, reserved 1048576K
}
Event: 16.048 GC heap before
{Heap before GC invocations=33 (full 0):
 garbage-first heap   total 227328K, used 183891K [0x0000000080000000, 0x0000000100000000)
  region size 1024K, 71 young (72704K), 2 survivors (2048K)
 Metaspace       used 91856K, capacity 94469K, committed 95948K, reserved 1132544K
  class space    used 12120K, capacity 13145K, committed 13772K, reserved 1048576K
}
Event: 16.054 GC heap after
{Heap after GC invocations=34 (full 0):
 garbage-first heap   total 273408K, used 114423K [0x0000000080000000, 0x0000000100000000)
  region size 1024K, 3 young (3072K), 3 survivors (3072K)
 Metaspace       used 91856K, capacity 94469K, committed 95948K, reserved 1132544K
  class space    used 12120K, capacity 13145K, committed 13772K, reserved 1048576K
}
Event: 16.401 GC heap before
{Heap before GC invocations=35 (full 0):
 garbage-first heap   total 273408K, used 207607K [0x0000000080000000, 0x0000000100000000)
  region size 1024K, 94 young (96256K), 3 survivors (3072K)
 Metaspace       used 92404K, capacity 95135K, committed 96460K, reserved 1132544K
  class space    used 12217K, capacity 13261K, committed 13772K, reserved 1048576K
}
Event: 16.408 GC heap after
{Heap after GC invocations=36 (full 0):
 garbage-first heap   total 273408K, used 116953K [0x0000000080000000, 0x0000000100000000)
  region size 1024K, 5 young (5120K), 5 survivors (5120K)
 Metaspace       used 92404K, capacity 95135K, committed 96460K, reserved 1132544K
  class space    used 12217K, capacity 13261K, committed 13772K, reserved 1048576K
}
Event: 16.624 GC heap before
{Heap before GC invocations=36 (full 0):
 garbage-first heap   total 273408K, used 227545K [0x0000000080000000, 0x0000000100000000)
  region size 1024K, 113 young (115712K), 5 survivors (5120K)
 Metaspace       used 92488K, capacity 95201K, committed 96460K, reserved 1132544K
  class space    used 12217K, capacity 13261K, committed 13772K, reserved 1048576K
}
Event: 16.634 GC heap after
{Heap after GC invocations=37 (full 0):
 garbage-first heap   total 273408K, used 120093K [0x0000000080000000, 0x0000000100000000)
  region size 1024K, 8 young (8192K), 8 survivors (8192K)
 Metaspace       used 92488K, capacity 95201K, committed 96460K, reserved 1132544K
  class space    used 12217K, capacity 13261K, committed 13772K, reserved 1048576K
}
Event: 16.836 GC heap before
{Heap before GC invocations=37 (full 0):
 garbage-first heap   total 273408K, used 223517K [0x0000000080000000, 0x0000000100000000)
  region size 1024K, 109 young (111616K), 8 survivors (8192K)
 Metaspace       used 92616K, capacity 95340K, committed 96716K, reserved 1132544K
  class space    used 12219K, capacity 13261K, committed 13772K, reserved 1048576K
}
Event: 16.845 GC heap after
{Heap after GC invocations=38 (full 0):
 garbage-first heap   total 273408K, used 120210K [0x0000000080000000, 0x0000000100000000)
  region size 1024K, 7 young (7168K), 7 survivors (7168K)
 Metaspace       used 92616K, capacity 95340K, committed 96716K, reserved 1132544K
  class space    used 12219K, capacity 13261K, committed 13772K, reserved 1048576K
}
Event: 17.066 GC heap before
{Heap before GC invocations=38 (full 0):
 garbage-first heap   total 273408K, used 226706K [0x0000000080000000, 0x0000000100000000)
  region size 1024K, 111 young (113664K), 7 survivors (7168K)
 Metaspace       used 92830K, capacity 95553K, committed 96716K, reserved 1132544K
  class space    used 12220K, capacity 13262K, committed 13772K, reserved 1048576K
}
Event: 17.077 GC heap after
{Heap after GC invocations=39 (full 0):
 garbage-first heap   total 328704K, used 120860K [0x0000000080000000, 0x0000000100000000)
  region size 1024K, 8 young (8192K), 8 survivors (8192K)
 Metaspace       used 92830K, capacity 95553K, committed 96716K, reserved 1132544K
  class space    used 12220K, capacity 13262K, committed 13772K, reserved 1048576K
}
Event: 17.346 GC heap before
{Heap before GC invocations=39 (full 0):
 garbage-first heap   total 328704K, used 253980K [0x0000000080000000, 0x0000000100000000)
  region size 1024K, 138 young (141312K), 8 survivors (8192K)
 Metaspace       used 93093K, capacity 95760K, committed 96972K, reserved 1132544K
  class space    used 12220K, capacity 13262K, committed 13772K, reserved 1048576K
}
Event: 17.354 GC heap after
{Heap after GC invocations=40 (full 0):
 garbage-first heap   total 328704K, used 121761K [0x0000000080000000, 0x0000000100000000)
  region size 1024K, 9 young (9216K), 9 survivors (9216K)
 Metaspace       used 93093K, capacity 95760K, committed 96972K, reserved 1132544K
  class space    used 12220K, capacity 13262K, committed 13772K, reserved 1048576K
}
Event: 17.636 GC heap before
{Heap before GC invocations=40 (full 0):
 garbage-first heap   total 328704K, used 266145K [0x0000000080000000, 0x0000000100000000)
  region size 1024K, 150 young (153600K), 9 survivors (9216K)
 Metaspace       used 93280K, capacity 96044K, committed 97228K, reserved 1132544K
  class space    used 12222K, capacity 13264K, committed 13772K, reserved 1048576K
}
Event: 17.646 GC heap after
{Heap after GC invocations=41 (full 0):
 garbage-first heap   total 328704K, used 123044K [0x0000000080000000, 0x0000000100000000)
  region size 1024K, 10 young (10240K), 10 survivors (10240K)
 Metaspace       used 93280K, capacity 96044K, committed 97228K, reserved 1132544K
  class space    used 12222K, capacity 13264K, committed 13772K, reserved 1048576K
}
Event: 17.871 GC heap before
{Heap before GC invocations=41 (full 0):
 garbage-first heap   total 328704K, used 271524K [0x0000000080000000, 0x0000000100000000)
  region size 1024K, 155 young (158720K), 10 survivors (10240K)
 Metaspace       used 93409K, capacity 96189K, committed 97484K, reserved 1132544K
  class space    used 12224K, capacity 13267K, committed 13772K, reserved 1048576K
}
Event: 17.882 GC heap after
{Heap after GC invocations=42 (full 0):
 garbage-first heap   total 328704K, used 123934K [0x0000000080000000, 0x0000000100000000)
  region size 1024K, 11 young (11264K), 11 survivors (11264K)
 Metaspace       used 93409K, capacity 96189K, committed 97484K, reserved 1132544K
  class space    used 12224K, capacity 13267K, committed 13772K, reserved 1048576K
}
Event: 18.131 GC heap before
{Heap before GC invocations=42 (full 0):
 garbage-first heap   total 328704K, used 276510K [0x0000000080000000, 0x0000000100000000)
  region size 1024K, 160 young (163840K), 11 survivors (11264K)
 Metaspace       used 93609K, capacity 96366K, committed 97484K, reserved 1132544K
  class space    used 12236K, capacity 13271K, committed 13772K, reserved 1048576K
}

