# JRE version: OpenJDK Runtime Environment (11.0.10) (build 11.0.10+0-b96-7249189)
# Java VM: OpenJDK 64-Bit Server VM (11.0.10+0-b96-7249189, mixed mode, tiered, compressed oops, g1 gc, windows-amd64)
Heap:
 garbage-first heap   total 131072K, used 74391K [0x0000000080000000, 0x0000000100000000)
  region size 1024K, 55 young (56320K), 9 survivors (9216K)
 Metaspace       used 43869K, capacity 44878K, committed 45004K, reserved 1087488K
  class space    used 5625K, capacity 5970K, committed 6092K, reserved 1048576K
GC Heap History (12 events):
Event: 1.260 GC heap before
{Heap before GC invocations=0 (full 0):
 garbage-first heap   total 131072K, used 29696K [0x0000000080000000, 0x0000000100000000)
  region size 1024K, 24 young (24576K), 0 survivors (0K)
 Metaspace       used 10164K, capacity 10403K, committed 10624K, reserved 1058816K
  class space    used 1060K, capacity 1106K, committed 1152K, reserved 1048576K
}
Event: 1.271 GC heap after
{Heap after GC invocations=1 (full 0):
 garbage-first heap   total 131072K, used 9407K [0x0000000080000000, 0x0000000100000000)
  region size 1024K, 3 young (3072K), 3 survivors (3072K)
 Metaspace       used 10164K, capacity 10403K, committed 10624K, reserved 1058816K
  class space    used 1060K, capacity 1106K, committed 1152K, reserved 1048576K
}
Event: 4.062 GC heap before
{Heap before GC invocations=1 (full 0):
 garbage-first heap   total 131072K, used 84159K [0x0000000080000000, 0x0000000100000000)
  region size 1024K, 76 young (77824K), 3 survivors (3072K)
 Metaspace       used 17786K, capacity 18301K, committed 18432K, reserved 1064960K
  class space    used 2108K, capacity 2240K, committed 2304K, reserved 1048576K
}
Event: 4.073 GC heap after
{Heap after GC invocations=2 (full 0):
 garbage-first heap   total 131072K, used 15880K [0x0000000080000000, 0x0000000100000000)
  region size 1024K, 10 young (10240K), 10 survivors (10240K)
 Metaspace       used 17786K, capacity 18301K, committed 18432K, reserved 1064960K
  class space    used 2108K, capacity 2240K, committed 2304K, reserved 1048576K
}
Event: 4.572 GC heap before
{Heap before GC invocations=2 (full 0):
 garbage-first heap   total 131072K, used 37384K [0x0000000080000000, 0x0000000100000000)
  region size 1024K, 32 young (32768K), 10 survivors (10240K)
 Metaspace       used 20565K, capacity 21104K, committed 21248K, reserved 1067008K
  class space    used 2509K, capacity 2690K, committed 2816K, reserved 1048576K
}
Event: 4.582 GC heap after
{Heap after GC invocations=3 (full 0):
 garbage-first heap   total 131072K, used 16985K [0x0000000080000000, 0x0000000100000000)
  region size 1024K, 1 young (1024K), 1 survivors (1024K)
 Metaspace       used 20565K, capacity 21104K, committed 21248K, reserved 1067008K
  class space    used 2509K, capacity 2690K, committed 2816K, reserved 1048576K
}
Event: 5.464 GC heap before
{Heap before GC invocations=4 (full 0):
 garbage-first heap   total 131072K, used 82521K [0x0000000080000000, 0x0000000100000000)
  region size 1024K, 65 young (66560K), 1 survivors (1024K)
 Metaspace       used 26633K, capacity 27345K, committed 27648K, reserved 1073152K
  class space    used 3513K, capacity 3757K, committed 3840K, reserved 1048576K
}
Event: 5.469 GC heap after
{Heap after GC invocations=5 (full 0):
 garbage-first heap   total 131072K, used 18803K [0x0000000080000000, 0x0000000100000000)
  region size 1024K, 3 young (3072K), 3 survivors (3072K)
 Metaspace       used 26633K, capacity 27345K, committed 27648K, reserved 1073152K
  class space    used 3513K, capacity 3757K, committed 3840K, reserved 1048576K
}
Event: 6.974 GC heap before
{Heap before GC invocations=5 (full 0):
 garbage-first heap   total 131072K, used 64883K [0x0000000080000000, 0x0000000100000000)
  region size 1024K, 50 young (51200K), 3 survivors (3072K)
 Metaspace       used 35019K, capacity 35838K, committed 35840K, reserved 1081344K
  class space    used 4540K, capacity 4864K, committed 4864K, reserved 1048576K
}
Event: 6.985 GC heap after
{Heap after GC invocations=6 (full 0):
 garbage-first heap   total 131072K, used 22073K [0x0000000080000000, 0x0000000100000000)
  region size 1024K, 6 young (6144K), 6 survivors (6144K)
 Metaspace       used 35019K, capacity 35838K, committed 35840K, reserved 1081344K
  class space    used 4540K, capacity 4864K, committed 4864K, reserved 1048576K
}
Event: 7.716 GC heap before
{Heap before GC invocations=7 (full 0):
 garbage-first heap   total 131072K, used 89657K [0x0000000080000000, 0x0000000100000000)
  region size 1024K, 69 young (70656K), 6 survivors (6144K)
 Metaspace       used 39571K, capacity 40534K, committed 40780K, reserved 1085440K
  class space    used 5065K, capacity 5422K, committed 5452K, reserved 1048576K
}
Event: 7.727 GC heap after
{Heap after GC invocations=8 (full 0):
 garbage-first heap   total 131072K, used 27287K [0x0000000080000000, 0x0000000100000000)
  region size 1024K, 9 young (9216K), 9 survivors (9216K)
 Metaspace       used 39571K, capacity 40534K, committed 40780K, reserved 1085440K
  class space    used 5065K, capacity 5422K, committed 5452K, reserved 1048576K
}

