# JRE version: OpenJDK Runtime Environment (11.0.10) (build 11.0.10+0-b96-7249189)
# Java VM: OpenJDK 64-Bit Server VM (11.0.10+0-b96-7249189, mixed mode, tiered, compressed oops, g1 gc, windows-amd64)
Heap:
 garbage-first heap   total 339968K, used 191135K [0x0000000080000000, 0x0000000100000000)
  region size 1024K, 74 young (75776K), 10 survivors (10240K)
 Metaspace       used 93489K, capacity 96225K, committed 96716K, reserved 1132544K
  class space    used 12215K, capacity 13249K, committed 13516K, reserved 1048576K
GC Heap History (20 events):
Event: 14.506 GC heap before
{Heap before GC invocations=23 (full 0):
 garbage-first heap   total 227328K, used 172383K [0x0000000080000000, 0x0000000100000000)
  region size 1024K, 66 young (67584K), 7 survivors (7168K)
 Metaspace       used 91128K, capacity 93981K, committed 94284K, reserved 1130496K
  class space    used 12109K, capacity 13237K, committed 13388K, reserved 1048576K
}
Event: 14.518 GC heap after
{Heap after GC invocations=24 (full 0):
 garbage-first heap   total 227328K, used 113577K [0x0000000080000000, 0x0000000100000000)
  region size 1024K, 2 young (2048K), 2 survivors (2048K)
 Metaspace       used 91128K, capacity 93981K, committed 94284K, reserved 1130496K
  class space    used 12109K, capacity 13237K, committed 13388K, reserved 1048576K
}
Event: 14.764 GC heap before
{Heap before GC invocations=24 (full 0):
 garbage-first heap   total 227328K, used 175017K [0x0000000080000000, 0x0000000100000000)
  region size 1024K, 63 young (64512K), 2 survivors (2048K)
 Metaspace       used 91173K, capacity 94064K, committed 94284K, reserved 1130496K
  class space    used 12122K, capacity 13244K, committed 13388K, reserved 1048576K
}
Event: 14.771 GC heap after
{Heap after GC invocations=25 (full 0):
 garbage-first heap   total 227328K, used 113853K [0x0000000080000000, 0x0000000100000000)
  region size 1024K, 3 young (3072K), 3 survivors (3072K)
 Metaspace       used 91173K, capacity 94064K, committed 94284K, reserved 1130496K
  class space    used 12122K, capacity 13244K, committed 13388K, reserved 1048576K
}
Event: 15.111 GC heap before
{Heap before GC invocations=26 (full 0):
 garbage-first heap   total 227328K, used 178365K [0x0000000080000000, 0x0000000100000000)
  region size 1024K, 66 young (67584K), 3 survivors (3072K)
 Metaspace       used 91287K, capacity 93978K, committed 94796K, reserved 1130496K
  class space    used 12060K, capacity 13090K, committed 13388K, reserved 1048576K
}
Event: 15.117 GC heap after
{Heap after GC invocations=27 (full 0):
 garbage-first heap   total 227328K, used 113925K [0x0000000080000000, 0x0000000100000000)
  region size 1024K, 3 young (3072K), 3 survivors (3072K)
 Metaspace       used 91287K, capacity 93978K, committed 94796K, reserved 1130496K
  class space    used 12060K, capacity 13090K, committed 13388K, reserved 1048576K
}
Event: 15.427 GC heap before
{Heap before GC invocations=27 (full 0):
 garbage-first heap   total 227328K, used 180485K [0x0000000080000000, 0x0000000100000000)
  region size 1024K, 68 young (69632K), 3 survivors (3072K)
 Metaspace       used 91913K, capacity 94647K, committed 95180K, reserved 1130496K
  class space    used 12138K, capacity 13204K, committed 13516K, reserved 1048576K
}
Event: 15.433 GC heap after
{Heap after GC invocations=28 (full 0):
 garbage-first heap   total 227328K, used 114675K [0x0000000080000000, 0x0000000100000000)
  region size 1024K, 3 young (3072K), 3 survivors (3072K)
 Metaspace       used 91913K, capacity 94647K, committed 95180K, reserved 1130496K
  class space    used 12138K, capacity 13204K, committed 13516K, reserved 1048576K
}
Event: 15.824 GC heap before
{Heap before GC invocations=29 (full 0):
 garbage-first heap   total 227328K, used 183283K [0x0000000080000000, 0x0000000100000000)
  region size 1024K, 70 young (71680K), 3 survivors (3072K)
 Metaspace       used 92639K, capacity 95384K, committed 95948K, reserved 1132544K
  class space    used 12178K, capacity 13226K, committed 13516K, reserved 1048576K
}
Event: 15.832 GC heap after
{Heap after GC invocations=30 (full 0):
 garbage-first heap   total 227328K, used 114382K [0x0000000080000000, 0x0000000100000000)
  region size 1024K, 3 young (3072K), 3 survivors (3072K)
 Metaspace       used 92639K, capacity 95384K, committed 95948K, reserved 1132544K
  class space    used 12178K, capacity 13226K, committed 13516K, reserved 1048576K
}
Event: 16.008 GC heap before
{Heap before GC invocations=30 (full 0):
 garbage-first heap   total 227328K, used 185038K [0x0000000080000000, 0x0000000100000000)
  region size 1024K, 72 young (73728K), 3 survivors (3072K)
 Metaspace       used 92953K, capacity 95690K, committed 96204K, reserved 1132544K
  class space    used 12210K, capacity 13241K, committed 13516K, reserved 1048576K
}
Event: 16.022 GC heap after
{Heap after GC invocations=31 (full 0):
 garbage-first heap   total 273408K, used 115770K [0x0000000080000000, 0x0000000100000000)
  region size 1024K, 5 young (5120K), 5 survivors (5120K)
 Metaspace       used 92953K, capacity 95690K, committed 96204K, reserved 1132544K
  class space    used 12210K, capacity 13241K, committed 13516K, reserved 1048576K
}
Event: 16.365 GC heap before
{Heap before GC invocations=31 (full 0):
 garbage-first heap   total 273408K, used 208954K [0x0000000080000000, 0x0000000100000000)
  region size 1024K, 97 young (99328K), 5 survivors (5120K)
 Metaspace       used 93138K, capacity 95833K, committed 96204K, reserved 1132544K
  class space    used 12210K, capacity 13241K, committed 13516K, reserved 1048576K
}
Event: 16.379 GC heap after
{Heap after GC invocations=32 (full 0):
 garbage-first heap   total 273408K, used 118454K [0x0000000080000000, 0x0000000100000000)
  region size 1024K, 7 young (7168K), 7 survivors (7168K)
 Metaspace       used 93138K, capacity 95833K, committed 96204K, reserved 1132544K
  class space    used 12210K, capacity 13241K, committed 13516K, reserved 1048576K
}
Event: 16.630 GC heap before
{Heap before GC invocations=33 (full 0):
 garbage-first heap   total 273408K, used 225974K [0x0000000080000000, 0x0000000100000000)
  region size 1024K, 112 young (114688K), 7 survivors (7168K)
 Metaspace       used 93205K, capacity 95984K, committed 96460K, reserved 1132544K
  class space    used 12212K, capacity 13244K, committed 13516K, reserved 1048576K
}
Event: 16.642 GC heap after
{Heap after GC invocations=34 (full 0):
 garbage-first heap   total 273408K, used 121246K [0x0000000080000000, 0x0000000100000000)
  region size 1024K, 10 young (10240K), 10 survivors (10240K)
 Metaspace       used 93205K, capacity 95984K, committed 96460K, reserved 1132544K
  class space    used 12212K, capacity 13244K, committed 13516K, reserved 1048576K
}
Event: 16.817 GC heap before
{Heap before GC invocations=34 (full 0):
 garbage-first heap   total 273408K, used 226718K [0x0000000080000000, 0x0000000100000000)
  region size 1024K, 113 young (115712K), 10 survivors (10240K)
 Metaspace       used 93267K, capacity 95987K, committed 96460K, reserved 1132544K
  class space    used 12212K, capacity 13244K, committed 13516K, reserved 1048576K
}
Event: 16.829 GC heap after
{Heap after GC invocations=35 (full 0):
 garbage-first heap   total 273408K, used 125035K [0x0000000080000000, 0x0000000100000000)
  region size 1024K, 12 young (12288K), 12 survivors (12288K)
 Metaspace       used 93267K, capacity 95987K, committed 96460K, reserved 1132544K
  class space    used 12212K, capacity 13244K, committed 13516K, reserved 1048576K
}
Event: 17.046 GC heap before
{Heap before GC invocations=35 (full 0):
 garbage-first heap   total 273408K, used 227435K [0x0000000080000000, 0x0000000100000000)
  region size 1024K, 113 young (115712K), 12 survivors (12288K)
 Metaspace       used 93401K, capacity 96140K, committed 96460K, reserved 1132544K
  class space    used 12212K, capacity 13244K, committed 13516K, reserved 1048576K
}
Event: 17.064 GC heap after
{Heap after GC invocations=36 (full 0):
 garbage-first heap   total 339968K, used 126623K [0x0000000080000000, 0x0000000100000000)
  region size 1024K, 10 young (10240K), 10 survivors (10240K)
 Metaspace       used 93401K, capacity 96140K, committed 96460K, reserved 1132544K
  class space    used 12212K, capacity 13244K, committed 13516K, reserved 1048576K
}

