# JRE version: OpenJDK Runtime Environment (11.0.10) (build 11.0.10+0-b96-7249189)
# Java VM: OpenJDK 64-Bit Server VM (11.0.10+0-b96-7249189, mixed mode, tiered, compressed oops, g1 gc, windows-amd64)
Heap:
 garbage-first heap   total 227328K, used 104882K [0x0000000080000000, 0x0000000100000000)
  region size 1024K, 8 young (8192K), 8 survivors (8192K)
 Metaspace       used 85430K, capacity 88084K, committed 88396K, reserved 1126400K
  class space    used 11235K, capacity 12245K, committed 12364K, reserved 1048576K
GC Heap History (20 events):
Event: 6.470 GC heap after
{Heap after GC invocations=9 (full 0):
 garbage-first heap   total 157696K, used 29193K [0x0000000080000000, 0x0000000100000000)
  region size 1024K, 3 young (3072K), 3 survivors (3072K)
 Metaspace       used 45146K, capacity 46247K, committed 46412K, reserved 1089536K
  class space    used 5802K, capacity 6192K, committed 6220K, reserved 1048576K
}
Event: 7.648 GC heap before
{Heap before GC invocations=9 (full 0):
 garbage-first heap   total 157696K, used 108041K [0x0000000080000000, 0x0000000100000000)
  region size 1024K, 77 young (78848K), 3 survivors (3072K)
 Metaspace       used 50472K, capacity 51854K, committed 52044K, reserved 1093632K
  class space    used 6444K, capacity 6913K, committed 6988K, reserved 1048576K
}
Event: 7.655 GC heap after
{Heap after GC invocations=10 (full 0):
 garbage-first heap   total 157696K, used 41716K [0x0000000080000000, 0x0000000100000000)
  region size 1024K, 10 young (10240K), 10 survivors (10240K)
 Metaspace       used 50472K, capacity 51854K, committed 52044K, reserved 1093632K
  class space    used 6444K, capacity 6913K, committed 6988K, reserved 1048576K
}
Event: 8.575 GC heap before
{Heap before GC invocations=10 (full 0):
 garbage-first heap   total 157696K, used 91892K [0x0000000080000000, 0x0000000100000000)
  region size 1024K, 60 young (61440K), 10 survivors (10240K)
 Metaspace       used 58624K, capacity 60192K, committed 60236K, reserved 1101824K
  class space    used 7441K, capacity 7985K, committed 8012K, reserved 1048576K
}
Event: 8.598 GC heap after
{Heap after GC invocations=11 (full 0):
 garbage-first heap   total 157696K, used 44830K [0x0000000080000000, 0x0000000100000000)
  region size 1024K, 4 young (4096K), 4 survivors (4096K)
 Metaspace       used 58624K, capacity 60192K, committed 60236K, reserved 1101824K
  class space    used 7441K, capacity 7985K, committed 8012K, reserved 1048576K
}
Event: 9.481 GC heap before
{Heap before GC invocations=12 (full 0):
 garbage-first heap   total 157696K, used 108318K [0x0000000080000000, 0x0000000100000000)
  region size 1024K, 66 young (67584K), 4 survivors (4096K)
 Metaspace       used 63222K, capacity 64874K, committed 65100K, reserved 1105920K
  class space    used 8049K, capacity 8656K, committed 8780K, reserved 1048576K
}
Event: 9.495 GC heap after
{Heap after GC invocations=13 (full 0):
 garbage-first heap   total 157696K, used 49872K [0x0000000080000000, 0x0000000100000000)
  region size 1024K, 8 young (8192K), 8 survivors (8192K)
 Metaspace       used 63222K, capacity 64874K, committed 65100K, reserved 1105920K
  class space    used 8049K, capacity 8656K, committed 8780K, reserved 1048576K
}
Event: 10.645 GC heap before
{Heap before GC invocations=14 (full 0):
 garbage-first heap   total 157696K, used 113360K [0x0000000080000000, 0x0000000100000000)
  region size 1024K, 70 young (71680K), 8 survivors (8192K)
 Metaspace       used 68799K, capacity 70674K, committed 70860K, reserved 1110016K
  class space    used 8894K, capacity 9562K, committed 9676K, reserved 1048576K
}
Event: 10.659 GC heap after
{Heap after GC invocations=15 (full 0):
 garbage-first heap   total 157696K, used 55736K [0x0000000080000000, 0x0000000100000000)
  region size 1024K, 6 young (6144K), 6 survivors (6144K)
 Metaspace       used 68799K, capacity 70674K, committed 70860K, reserved 1110016K
  class space    used 8894K, capacity 9562K, committed 9676K, reserved 1048576K
}
Event: 11.705 GC heap before
{Heap before GC invocations=15 (full 0):
 garbage-first heap   total 157696K, used 117176K [0x0000000080000000, 0x0000000100000000)
  region size 1024K, 66 young (67584K), 6 survivors (6144K)
 Metaspace       used 75243K, capacity 77244K, committed 77388K, reserved 1116160K
  class space    used 9808K, capacity 10535K, committed 10572K, reserved 1048576K
}
Event: 11.720 GC heap after
{Heap after GC invocations=16 (full 0):
 garbage-first heap   total 189440K, used 61286K [0x0000000080000000, 0x0000000100000000)
  region size 1024K, 6 young (6144K), 6 survivors (6144K)
 Metaspace       used 75243K, capacity 77244K, committed 77388K, reserved 1116160K
  class space    used 9808K, capacity 10535K, committed 10572K, reserved 1048576K
}
Event: 12.783 GC heap before
{Heap before GC invocations=16 (full 0):
 garbage-first heap   total 189440K, used 132966K [0x0000000080000000, 0x0000000100000000)
  region size 1024K, 77 young (78848K), 6 survivors (6144K)
 Metaspace       used 79096K, capacity 81440K, committed 81612K, reserved 1120256K
  class space    used 10383K, capacity 11205K, committed 11212K, reserved 1048576K
}
Event: 12.793 GC heap after
{Heap after GC invocations=17 (full 0):
 garbage-first heap   total 189440K, used 65827K [0x0000000080000000, 0x0000000100000000)
  region size 1024K, 10 young (10240K), 10 survivors (10240K)
 Metaspace       used 79096K, capacity 81440K, committed 81612K, reserved 1120256K
  class space    used 10383K, capacity 11205K, committed 11212K, reserved 1048576K
}
Event: 13.496 GC heap before
{Heap before GC invocations=17 (full 0):
 garbage-first heap   total 189440K, used 137507K [0x0000000080000000, 0x0000000100000000)
  region size 1024K, 81 young (82944K), 10 survivors (10240K)
 Metaspace       used 80191K, capacity 82577K, committed 82892K, reserved 1120256K
  class space    used 10466K, capacity 11378K, committed 11468K, reserved 1048576K
}
Event: 13.510 GC heap after
{Heap after GC invocations=18 (full 0):
 garbage-first heap   total 189440K, used 70473K [0x0000000080000000, 0x0000000100000000)
  region size 1024K, 10 young (10240K), 10 survivors (10240K)
 Metaspace       used 80191K, capacity 82577K, committed 82892K, reserved 1120256K
  class space    used 10466K, capacity 11378K, committed 11468K, reserved 1048576K
}
Event: 13.805 GC heap before
{Heap before GC invocations=18 (full 0):
 garbage-first heap   total 189440K, used 141129K [0x0000000080000000, 0x0000000100000000)
  region size 1024K, 80 young (81920K), 10 survivors (10240K)
 Metaspace       used 81768K, capacity 84294K, committed 84428K, reserved 1122304K
  class space    used 10692K, capacity 11629K, committed 11724K, reserved 1048576K
}
Event: 13.820 GC heap after
{Heap after GC invocations=19 (full 0):
 garbage-first heap   total 189440K, used 86113K [0x0000000080000000, 0x0000000100000000)
  region size 1024K, 10 young (10240K), 10 survivors (10240K)
 Metaspace       used 81768K, capacity 84294K, committed 84428K, reserved 1122304K
  class space    used 10692K, capacity 11629K, committed 11724K, reserved 1048576K
}
Event: 14.210 GC heap before
{Heap before GC invocations=19 (full 0):
 garbage-first heap   total 189440K, used 144481K [0x0000000080000000, 0x0000000100000000)
  region size 1024K, 67 young (68608K), 10 survivors (10240K)
 Metaspace       used 84785K, capacity 87464K, committed 87756K, reserved 1124352K
  class space    used 11146K, capacity 12145K, committed 12236K, reserved 1048576K
}
Event: 14.230 GC heap after
{Heap after GC invocations=20 (full 0):
 garbage-first heap   total 189440K, used 94208K [0x0000000080000000, 0x0000000100000000)
  region size 1024K, 9 young (9216K), 9 survivors (9216K)
 Metaspace       used 84785K, capacity 87464K, committed 87756K, reserved 1124352K
  class space    used 11146K, capacity 12145K, committed 12236K, reserved 1048576K
}
Event: 14.420 GC heap before
{Heap before GC invocations=20 (full 0):
 garbage-first heap   total 189440K, used 147456K [0x0000000080000000, 0x0000000100000000)
  region size 1024K, 61 young (62464K), 9 survivors (9216K)
 Metaspace       used 85430K, capacity 88084K, committed 88396K, reserved 1126400K
  class space    used 11235K, capacity 12245K, committed 12364K, reserved 1048576K
}

