# JRE version: OpenJDK Runtime Environment (11.0.10) (build 11.0.10+0-b96-7249189)
# Java VM: OpenJDK 64-Bit Server VM (11.0.10+0-b96-7249189, mixed mode, tiered, compressed oops, g1 gc, windows-amd64)
Heap:
 garbage-first heap   total 423936K, used 122769K [0x0000000080000000, 0x0000000100000000)
  region size 1024K, 5 young (5120K), 5 survivors (5120K)
 Metaspace       used 121656K, capacity 126218K, committed 126540K, reserved 1159168K
  class space    used 15145K, capacity 16825K, committed 16972K, reserved 1048576K
GC Heap History (20 events):
Event: 4773.347 GC heap after
{Heap after GC invocations=114 (full 0):
 garbage-first heap   total 231424K, used 163891K [0x0000000080000000, 0x0000000100000000)
  region size 1024K, 4 young (4096K), 4 survivors (4096K)
 Metaspace       used 121144K, capacity 125677K, committed 125900K, reserved 1159168K
  class space    used 15120K, capacity 16797K, committed 16844K, reserved 1048576K
}
Event: 4773.740 GC heap before
{Heap before GC invocations=114 (full 0):
 garbage-first heap   total 231424K, used 185395K [0x0000000080000000, 0x0000000100000000)
  region size 1024K, 32 young (32768K), 4 survivors (4096K)
 Metaspace       used 121314K, capacity 125818K, committed 125900K, reserved 1159168K
  class space    used 15136K, capacity 16803K, committed 16844K, reserved 1048576K
}
Event: 4773.755 GC heap after
{Heap after GC invocations=115 (full 0):
 garbage-first heap   total 231424K, used 160351K [0x0000000080000000, 0x0000000100000000)
  region size 1024K, 4 young (4096K), 4 survivors (4096K)
 Metaspace       used 121314K, capacity 125818K, committed 125900K, reserved 1159168K
  class space    used 15136K, capacity 16803K, committed 16844K, reserved 1048576K
}
Event: 4773.812 GC heap before
{Heap before GC invocations=116 (full 0):
 garbage-first heap   total 231424K, used 192095K [0x0000000080000000, 0x0000000100000000)
  region size 1024K, 35 young (35840K), 4 survivors (4096K)
 Metaspace       used 121488K, capacity 126047K, committed 126284K, reserved 1159168K
  class space    used 15151K, capacity 16836K, committed 16972K, reserved 1048576K
}
Event: 4773.829 GC heap after
{Heap after GC invocations=117 (full 0):
 garbage-first heap   total 231424K, used 164316K [0x0000000080000000, 0x0000000100000000)
  region size 1024K, 4 young (4096K), 4 survivors (4096K)
 Metaspace       used 121488K, capacity 126047K, committed 126284K, reserved 1159168K
  class space    used 15151K, capacity 16836K, committed 16972K, reserved 1048576K
}
Event: 4773.841 GC heap before
{Heap before GC invocations=117 (full 0):
 garbage-first heap   total 231424K, used 170460K [0x0000000080000000, 0x0000000100000000)
  region size 1024K, 11 young (11264K), 4 survivors (4096K)
 Metaspace       used 121489K, capacity 126047K, committed 126284K, reserved 1159168K
  class space    used 15151K, capacity 16836K, committed 16972K, reserved 1048576K
}
Event: 4773.852 GC heap after
{Heap after GC invocations=118 (full 0):
 garbage-first heap   total 231424K, used 141502K [0x0000000080000000, 0x0000000100000000)
  region size 1024K, 1 young (1024K), 1 survivors (1024K)
 Metaspace       used 121489K, capacity 126047K, committed 126284K, reserved 1159168K
  class space    used 15151K, capacity 16836K, committed 16972K, reserved 1048576K
}
Event: 4773.867 GC heap before
{Heap before GC invocations=118 (full 0):
 garbage-first heap   total 231424K, used 151742K [0x0000000080000000, 0x0000000100000000)
  region size 1024K, 11 young (11264K), 1 survivors (1024K)
 Metaspace       used 121491K, capacity 126047K, committed 126284K, reserved 1159168K
  class space    used 15151K, capacity 16836K, committed 16972K, reserved 1048576K
}
Event: 4773.884 GC heap after
{Heap after GC invocations=119 (full 0):
 garbage-first heap   total 231424K, used 118402K [0x0000000080000000, 0x0000000100000000)
  region size 1024K, 2 young (2048K), 2 survivors (2048K)
 Metaspace       used 121491K, capacity 126047K, committed 126284K, reserved 1159168K
  class space    used 15151K, capacity 16836K, committed 16972K, reserved 1048576K
}
Event: 4773.901 GC heap before
{Heap before GC invocations=119 (full 0):
 garbage-first heap   total 231424K, used 127618K [0x0000000080000000, 0x0000000100000000)
  region size 1024K, 11 young (11264K), 2 survivors (2048K)
 Metaspace       used 121495K, capacity 126052K, committed 126284K, reserved 1159168K
  class space    used 15152K, capacity 16838K, committed 16972K, reserved 1048576K
}
Event: 4773.921 GC heap after
{Heap after GC invocations=120 (full 0):
 garbage-first heap   total 231424K, used 116081K [0x0000000080000000, 0x0000000100000000)
  region size 1024K, 2 young (2048K), 2 survivors (2048K)
 Metaspace       used 121495K, capacity 126052K, committed 126284K, reserved 1159168K
  class space    used 15152K, capacity 16838K, committed 16972K, reserved 1048576K
}
Event: 4774.006 GC heap before
{Heap before GC invocations=120 (full 0):
 garbage-first heap   total 231424K, used 166257K [0x0000000080000000, 0x0000000100000000)
  region size 1024K, 51 young (52224K), 2 survivors (2048K)
 Metaspace       used 121516K, capacity 126054K, committed 126284K, reserved 1159168K
  class space    used 15152K, capacity 16838K, committed 16972K, reserved 1048576K
}
Event: 4774.013 GC heap after
{Heap after GC invocations=121 (full 0):
 garbage-first heap   total 231424K, used 118732K [0x0000000080000000, 0x0000000100000000)
  region size 1024K, 4 young (4096K), 4 survivors (4096K)
 Metaspace       used 121516K, capacity 126054K, committed 126284K, reserved 1159168K
  class space    used 15152K, capacity 16838K, committed 16972K, reserved 1048576K
}
Event: 4774.120 GC heap before
{Heap before GC invocations=121 (full 0):
 garbage-first heap   total 231424K, used 170956K [0x0000000080000000, 0x0000000100000000)
  region size 1024K, 55 young (56320K), 4 survivors (4096K)
 Metaspace       used 121564K, capacity 126127K, committed 126284K, reserved 1159168K
  class space    used 15154K, capacity 16841K, committed 16972K, reserved 1048576K
}
Event: 4774.127 GC heap after
{Heap after GC invocations=122 (full 0):
 garbage-first heap   total 231424K, used 120135K [0x0000000080000000, 0x0000000100000000)
  region size 1024K, 5 young (5120K), 5 survivors (5120K)
 Metaspace       used 121564K, capacity 126127K, committed 126284K, reserved 1159168K
  class space    used 15154K, capacity 16841K, committed 16972K, reserved 1048576K
}
Event: 4774.216 GC heap before
{Heap before GC invocations=122 (full 0):
 garbage-first heap   total 231424K, used 174407K [0x0000000080000000, 0x0000000100000000)
  region size 1024K, 59 young (60416K), 5 survivors (5120K)
 Metaspace       used 121608K, capacity 126144K, committed 126284K, reserved 1159168K
  class space    used 15157K, capacity 16847K, committed 16972K, reserved 1048576K
}
Event: 4774.233 GC heap after
{Heap after GC invocations=123 (full 0):
 garbage-first heap   total 231424K, used 122209K [0x0000000080000000, 0x0000000100000000)
  region size 1024K, 7 young (7168K), 7 survivors (7168K)
 Metaspace       used 121608K, capacity 126144K, committed 126284K, reserved 1159168K
  class space    used 15157K, capacity 16847K, committed 16972K, reserved 1048576K
}
Event: 4774.363 GC heap before
{Heap before GC invocations=123 (full 0):
 garbage-first heap   total 231424K, used 178529K [0x0000000080000000, 0x0000000100000000)
  region size 1024K, 62 young (63488K), 7 survivors (7168K)
 Metaspace       used 121636K, capacity 126219K, committed 126540K, reserved 1159168K
  class space    used 15159K, capacity 16851K, committed 16972K, reserved 1048576K
}
Event: 4774.375 GC heap after
{Heap after GC invocations=124 (full 0):
 garbage-first heap   total 231424K, used 122614K [0x0000000080000000, 0x0000000100000000)
  region size 1024K, 5 young (5120K), 5 survivors (5120K)
 Metaspace       used 121636K, capacity 126219K, committed 126540K, reserved 1159168K
  class space    used 15159K, capacity 16851K, committed 16972K, reserved 1048576K
}
Event: 4774.545 GC heap before
{Heap before GC invocations=124 (full 0):
 garbage-first heap   total 231424K, used 180982K [0x0000000080000000, 0x0000000100000000)
  region size 1024K, 62 young (63488K), 5 survivors (5120K)
 Metaspace       used 121656K, capacity 126218K, committed 126540K, reserved 1159168K
  class space    used 15145K, capacity 16825K, committed 16972K, reserved 1048576K
}

