# JRE version: OpenJDK Runtime Environment (11.0.10) (build 11.0.10+0-b96-7249189)
# Java VM: OpenJDK 64-Bit Server VM (11.0.10+0-b96-7249189, mixed mode, tiered, compressed oops, g1 gc, windows-amd64)
Heap:
 garbage-first heap   total 273408K, used 173539K [0x0000000080000000, 0x0000000100000000)
  region size 1024K, 43 young (44032K), 7 survivors (7168K)
 Metaspace       used 115515K, capacity 119015K, committed 119168K, reserved 1153024K
  class space    used 14922K, capacity 16202K, committed 16256K, reserved 1048576K
GC Heap History (20 events):
Event: 24.313 GC heap before
{Heap before GC invocations=31 (full 0):
 garbage-first heap   total 227328K, used 179440K [0x0000000080000000, 0x0000000100000000)
  region size 1024K, 44 young (45056K), 5 survivors (5120K)
 Metaspace       used 95691K, capacity 98324K, committed 98432K, reserved 1134592K
  class space    used 12623K, capacity 13595K, committed 13696K, reserved 1048576K
}
Event: 24.321 GC heap after
{Heap after GC invocations=32 (full 0):
 garbage-first heap   total 227328K, used 144379K [0x0000000080000000, 0x0000000100000000)
  region size 1024K, 6 young (6144K), 6 survivors (6144K)
 Metaspace       used 95691K, capacity 98324K, committed 98432K, reserved 1134592K
  class space    used 12623K, capacity 13595K, committed 13696K, reserved 1048576K
}
Event: 24.782 GC heap before
{Heap before GC invocations=32 (full 0):
 garbage-first heap   total 227328K, used 178171K [0x0000000080000000, 0x0000000100000000)
  region size 1024K, 40 young (40960K), 6 survivors (6144K)
 Metaspace       used 96600K, capacity 99272K, committed 99584K, reserved 1134592K
  class space    used 12717K, capacity 13706K, committed 13824K, reserved 1048576K
}
Event: 24.790 GC heap after
{Heap after GC invocations=33 (full 0):
 garbage-first heap   total 227328K, used 142173K [0x0000000080000000, 0x0000000100000000)
  region size 1024K, 4 young (4096K), 4 survivors (4096K)
 Metaspace       used 96600K, capacity 99272K, committed 99584K, reserved 1134592K
  class space    used 12717K, capacity 13706K, committed 13824K, reserved 1048576K
}
Event: 25.168 GC heap before
{Heap before GC invocations=34 (full 0):
 garbage-first heap   total 227328K, used 168446K [0x0000000080000000, 0x0000000100000000)
  region size 1024K, 41 young (41984K), 4 survivors (4096K)
 Metaspace       used 97154K, capacity 99812K, committed 100096K, reserved 1136640K
  class space    used 12767K, capacity 13777K, committed 13824K, reserved 1048576K
}
Event: 25.173 GC heap after
{Heap after GC invocations=35 (full 0):
 garbage-first heap   total 227328K, used 131520K [0x0000000080000000, 0x0000000100000000)
  region size 1024K, 2 young (2048K), 2 survivors (2048K)
 Metaspace       used 97154K, capacity 99812K, committed 100096K, reserved 1136640K
  class space    used 12767K, capacity 13777K, committed 13824K, reserved 1048576K
}
Event: 25.263 GC heap before
{Heap before GC invocations=35 (full 0):
 garbage-first heap   total 227328K, used 139712K [0x0000000080000000, 0x0000000100000000)
  region size 1024K, 11 young (11264K), 2 survivors (2048K)
 Metaspace       used 97525K, capacity 100232K, committed 100480K, reserved 1136640K
  class space    used 12828K, capacity 13852K, committed 13952K, reserved 1048576K
}
Event: 25.267 GC heap after
{Heap after GC invocations=36 (full 0):
 garbage-first heap   total 227328K, used 120019K [0x0000000080000000, 0x0000000100000000)
  region size 1024K, 1 young (1024K), 1 survivors (1024K)
 Metaspace       used 97525K, capacity 100232K, committed 100480K, reserved 1136640K
  class space    used 12828K, capacity 13852K, committed 13952K, reserved 1048576K
}
Event: 26.428 GC heap before
{Heap before GC invocations=36 (full 0):
 garbage-first heap   total 227328K, used 166099K [0x0000000080000000, 0x0000000100000000)
  region size 1024K, 48 young (49152K), 1 survivors (1024K)
 Metaspace       used 104327K, capacity 107087K, committed 107264K, reserved 1142784K
  class space    used 13684K, capacity 14733K, committed 14848K, reserved 1048576K
}
Event: 26.439 GC heap after
{Heap after GC invocations=37 (full 0):
 garbage-first heap   total 227328K, used 124166K [0x0000000080000000, 0x0000000100000000)
  region size 1024K, 5 young (5120K), 5 survivors (5120K)
 Metaspace       used 104327K, capacity 107087K, committed 107264K, reserved 1142784K
  class space    used 13684K, capacity 14733K, committed 14848K, reserved 1048576K
}
Event: 27.662 GC heap before
{Heap before GC invocations=38 (full 0):
 garbage-first heap   total 227328K, used 170246K [0x0000000080000000, 0x0000000100000000)
  region size 1024K, 55 young (56320K), 5 survivors (5120K)
 Metaspace       used 106987K, capacity 109943K, committed 110080K, reserved 1144832K
  class space    used 13967K, capacity 15072K, committed 15104K, reserved 1048576K
}
Event: 27.670 GC heap after
{Heap after GC invocations=39 (full 0):
 garbage-first heap   total 227328K, used 118096K [0x0000000080000000, 0x0000000100000000)
  region size 1024K, 3 young (3072K), 3 survivors (3072K)
 Metaspace       used 106987K, capacity 109943K, committed 110080K, reserved 1144832K
  class space    used 13967K, capacity 15072K, committed 15104K, reserved 1048576K
}
Event: 27.730 GC heap before
{Heap before GC invocations=39 (full 0):
 garbage-first heap   total 227328K, used 125264K [0x0000000080000000, 0x0000000100000000)
  region size 1024K, 11 young (11264K), 3 survivors (3072K)
 Metaspace       used 107221K, capacity 110221K, committed 110464K, reserved 1144832K
  class space    used 13996K, capacity 15121K, committed 15232K, reserved 1048576K
}
Event: 27.740 GC heap after
{Heap after GC invocations=40 (full 0):
 garbage-first heap   total 273408K, used 96154K [0x0000000080000000, 0x0000000100000000)
  region size 1024K, 2 young (2048K), 2 survivors (2048K)
 Metaspace       used 107221K, capacity 110221K, committed 110464K, reserved 1144832K
  class space    used 13996K, capacity 15121K, committed 15232K, reserved 1048576K
}
Event: 28.702 GC heap before
{Heap before GC invocations=40 (full 0):
 garbage-first heap   total 273408K, used 180122K [0x0000000080000000, 0x0000000100000000)
  region size 1024K, 84 young (86016K), 2 survivors (2048K)
 Metaspace       used 111173K, capacity 114377K, committed 114560K, reserved 1148928K
  class space    used 14498K, capacity 15720K, committed 15744K, reserved 1048576K
}
Event: 28.705 GC heap after
{Heap after GC invocations=41 (full 0):
 garbage-first heap   total 273408K, used 98899K [0x0000000080000000, 0x0000000100000000)
  region size 1024K, 5 young (5120K), 5 survivors (5120K)
 Metaspace       used 111173K, capacity 114377K, committed 114560K, reserved 1148928K
  class space    used 14498K, capacity 15720K, committed 15744K, reserved 1048576K
}
Event: 1155.345 GC heap before
{Heap before GC invocations=41 (full 0):
 garbage-first heap   total 273408K, used 204371K [0x0000000080000000, 0x0000000100000000)
  region size 1024K, 91 young (93184K), 5 survivors (5120K)
 Metaspace       used 113450K, capacity 116793K, committed 116992K, reserved 1150976K
  class space    used 14758K, capacity 16028K, committed 16128K, reserved 1048576K
}
Event: 1155.435 GC heap after
{Heap after GC invocations=42 (full 0):
 garbage-first heap   total 273408K, used 98215K [0x0000000080000000, 0x0000000100000000)
  region size 1024K, 4 young (4096K), 4 survivors (4096K)
 Metaspace       used 113450K, capacity 116793K, committed 116992K, reserved 1150976K
  class space    used 14758K, capacity 16028K, committed 16128K, reserved 1048576K
}
Event: 1160.103 GC heap before
{Heap before GC invocations=42 (full 0):
 garbage-first heap   total 273408K, used 218023K [0x0000000080000000, 0x0000000100000000)
  region size 1024K, 110 young (112640K), 4 survivors (4096K)
 Metaspace       used 115510K, capacity 119014K, committed 119168K, reserved 1153024K
  class space    used 14922K, capacity 16202K, committed 16256K, reserved 1048576K
}
Event: 1160.292 GC heap after
{Heap after GC invocations=43 (full 0):
 garbage-first heap   total 273408K, used 136675K [0x0000000080000000, 0x0000000100000000)
  region size 1024K, 14 young (14336K), 14 survivors (14336K)
 Metaspace       used 115510K, capacity 119014K, committed 119168K, reserved 1153024K
  class space    used 14922K, capacity 16202K, committed 16256K, reserved 1048576K
}

