# JRE version: OpenJDK Runtime Environment (11.0.10) (build 11.0.10+0-b96-7249189)
# Java VM: OpenJDK 64-Bit Server VM (11.0.10+0-b96-7249189, mixed mode, tiered, compressed oops, g1 gc, windows-amd64)
Heap:
 garbage-first heap   total 227328K, used 116803K [0x0000000080000000, 0x0000000100000000)
  region size 1024K, 6 young (6144K), 6 survivors (6144K)
 Metaspace       used 89232K, capacity 91925K, committed 92620K, reserved 1128448K
  class space    used 11885K, capacity 12942K, committed 13260K, reserved 1048576K
GC Heap History (20 events):
Event: 8.177 GC heap after
{Heap after GC invocations=10 (full 0):
 garbage-first heap   total 157696K, used 42201K [0x0000000080000000, 0x0000000100000000)
  region size 1024K, 12 young (12288K), 12 survivors (12288K)
 Metaspace       used 52124K, capacity 53399K, committed 53580K, reserved 1095680K
  class space    used 6649K, capacity 7109K, committed 7244K, reserved 1048576K
}
Event: 9.218 GC heap before
{Heap before GC invocations=10 (full 0):
 garbage-first heap   total 157696K, used 80089K [0x0000000080000000, 0x0000000100000000)
  region size 1024K, 50 young (51200K), 12 survivors (12288K)
 Metaspace       used 58597K, capacity 60123K, committed 60236K, reserved 1101824K
  class space    used 7438K, capacity 7981K, committed 8012K, reserved 1048576K
}
Event: 9.248 GC heap after
{Heap after GC invocations=11 (full 0):
 garbage-first heap   total 157696K, used 45248K [0x0000000080000000, 0x0000000100000000)
  region size 1024K, 3 young (3072K), 3 survivors (3072K)
 Metaspace       used 58597K, capacity 60123K, committed 60236K, reserved 1101824K
  class space    used 7438K, capacity 7981K, committed 8012K, reserved 1048576K
}
Event: 10.652 GC heap before
{Heap before GC invocations=12 (full 0):
 garbage-first heap   total 157696K, used 116928K [0x0000000080000000, 0x0000000100000000)
  region size 1024K, 73 young (74752K), 3 survivors (3072K)
 Metaspace       used 63251K, capacity 64926K, committed 65100K, reserved 1105920K
  class space    used 8054K, capacity 8652K, committed 8780K, reserved 1048576K
}
Event: 10.662 GC heap after
{Heap after GC invocations=13 (full 0):
 garbage-first heap   total 157696K, used 50804K [0x0000000080000000, 0x0000000100000000)
  region size 1024K, 9 young (9216K), 9 survivors (9216K)
 Metaspace       used 63251K, capacity 64926K, committed 65100K, reserved 1105920K
  class space    used 8054K, capacity 8652K, committed 8780K, reserved 1048576K
}
Event: 11.918 GC heap before
{Heap before GC invocations=13 (full 0):
 garbage-first heap   total 157696K, used 118388K [0x0000000080000000, 0x0000000100000000)
  region size 1024K, 75 young (76800K), 9 survivors (9216K)
 Metaspace       used 69633K, capacity 71513K, committed 71756K, reserved 1112064K
  class space    used 9019K, capacity 9707K, committed 9804K, reserved 1048576K
}
Event: 11.938 GC heap after
{Heap after GC invocations=14 (full 0):
 garbage-first heap   total 157696K, used 58418K [0x0000000080000000, 0x0000000100000000)
  region size 1024K, 8 young (8192K), 8 survivors (8192K)
 Metaspace       used 69633K, capacity 71513K, committed 71756K, reserved 1112064K
  class space    used 9019K, capacity 9707K, committed 9804K, reserved 1048576K
}
Event: 12.912 GC heap before
{Heap before GC invocations=14 (full 0):
 garbage-first heap   total 157696K, used 119858K [0x0000000080000000, 0x0000000100000000)
  region size 1024K, 68 young (69632K), 8 survivors (8192K)
 Metaspace       used 76232K, capacity 78306K, committed 78540K, reserved 1118208K
  class space    used 9932K, capacity 10671K, committed 10700K, reserved 1048576K
}
Event: 12.925 GC heap after
{Heap after GC invocations=15 (full 0):
 garbage-first heap   total 189440K, used 62263K [0x0000000080000000, 0x0000000100000000)
  region size 1024K, 5 young (5120K), 5 survivors (5120K)
 Metaspace       used 76232K, capacity 78306K, committed 78540K, reserved 1118208K
  class space    used 9932K, capacity 10671K, committed 10700K, reserved 1048576K
}
Event: 13.996 GC heap before
{Heap before GC invocations=15 (full 0):
 garbage-first heap   total 189440K, used 142135K [0x0000000080000000, 0x0000000100000000)
  region size 1024K, 84 young (86016K), 5 survivors (5120K)
 Metaspace       used 79377K, capacity 81709K, committed 81740K, reserved 1120256K
  class space    used 10435K, capacity 11315K, committed 11340K, reserved 1048576K
}
Event: 14.005 GC heap after
{Heap after GC invocations=16 (full 0):
 garbage-first heap   total 189440K, used 67319K [0x0000000080000000, 0x0000000100000000)
  region size 1024K, 10 young (10240K), 10 survivors (10240K)
 Metaspace       used 79377K, capacity 81709K, committed 81740K, reserved 1120256K
  class space    used 10435K, capacity 11315K, committed 11340K, reserved 1048576K
}
Event: 14.742 GC heap before
{Heap before GC invocations=16 (full 0):
 garbage-first heap   total 189440K, used 145143K [0x0000000080000000, 0x0000000100000000)
  region size 1024K, 88 young (90112K), 10 survivors (10240K)
 Metaspace       used 81091K, capacity 83577K, committed 83788K, reserved 1122304K
  class space    used 10630K, capacity 11565K, committed 11596K, reserved 1048576K
}
Event: 14.759 GC heap after
{Heap after GC invocations=17 (full 0):
 garbage-first heap   total 189440K, used 73975K [0x0000000080000000, 0x0000000100000000)
  region size 1024K, 11 young (11264K), 11 survivors (11264K)
 Metaspace       used 81091K, capacity 83577K, committed 83788K, reserved 1122304K
  class space    used 10630K, capacity 11565K, committed 11596K, reserved 1048576K
}
Event: 15.115 GC heap before
{Heap before GC invocations=17 (full 0):
 garbage-first heap   total 189440K, used 147703K [0x0000000080000000, 0x0000000100000000)
  region size 1024K, 84 young (86016K), 11 survivors (11264K)
 Metaspace       used 84031K, capacity 86673K, committed 86860K, reserved 1124352K
  class space    used 11047K, capacity 12056K, committed 12108K, reserved 1048576K
}
Event: 15.134 GC heap after
{Heap after GC invocations=18 (full 0):
 garbage-first heap   total 189440K, used 90550K [0x0000000080000000, 0x0000000100000000)
  region size 1024K, 11 young (11264K), 11 survivors (11264K)
 Metaspace       used 84031K, capacity 86673K, committed 86860K, reserved 1124352K
  class space    used 11047K, capacity 12056K, committed 12108K, reserved 1048576K
}
Event: 15.392 GC heap before
{Heap before GC invocations=18 (full 0):
 garbage-first heap   total 189440K, used 146870K [0x0000000080000000, 0x0000000100000000)
  region size 1024K, 67 young (68608K), 11 survivors (11264K)
 Metaspace       used 85176K, capacity 87868K, committed 88140K, reserved 1124352K
  class space    used 11229K, capacity 12264K, committed 12364K, reserved 1048576K
}
Event: 15.416 GC heap after
{Heap after GC invocations=19 (full 0):
 garbage-first heap   total 189440K, used 100352K [0x0000000080000000, 0x0000000100000000)
  region size 1024K, 9 young (9216K), 9 survivors (9216K)
 Metaspace       used 85176K, capacity 87868K, committed 88140K, reserved 1124352K
  class space    used 11229K, capacity 12264K, committed 12364K, reserved 1048576K
}
Event: 15.593 GC heap before
{Heap before GC invocations=19 (full 0):
 garbage-first heap   total 189440K, used 149504K [0x0000000080000000, 0x0000000100000000)
  region size 1024K, 57 young (58368K), 9 survivors (9216K)
 Metaspace       used 86632K, capacity 89459K, committed 89676K, reserved 1126400K
  class space    used 11453K, capacity 12557K, committed 12620K, reserved 1048576K
}
Event: 15.617 GC heap after
{Heap after GC invocations=20 (full 0):
 garbage-first heap   total 189440K, used 110121K [0x0000000080000000, 0x0000000100000000)
  region size 1024K, 8 young (8192K), 8 survivors (8192K)
 Metaspace       used 86632K, capacity 89459K, committed 89676K, reserved 1126400K
  class space    used 11453K, capacity 12557K, committed 12620K, reserved 1048576K
}
Event: 15.993 GC heap before
{Heap before GC invocations=21 (full 0):
 garbage-first heap   total 189440K, used 150057K [0x0000000080000000, 0x0000000100000000)
  region size 1024K, 48 young (49152K), 8 survivors (8192K)
 Metaspace       used 89232K, capacity 91925K, committed 92620K, reserved 1128448K
  class space    used 11885K, capacity 12942K, committed 13260K, reserved 1048576K
}

